<?xml version="1.0" encoding="UTF-8"?>
<!-- Generated by org.testng.reporters.JUnitXMLReporter -->
<testsuite ignored="0" hostname="DESKTOP-NABULGQ" failures="0" tests="3" name="Default test" time="4.657" errors="0" timestamp="2023-05-26T17:18:19 IST">
  <testcase classname="com.extentreport.example.ExtentReportExample" name="openGoogle" time="2.919"/>
  <testcase classname="com.extentreport.example.ExtentReportExample" name="openBing" time="0.952"/>
  <testcase classname="com.extentreport.example.ExtentReportExample" name="openWikipedia" time="0.727"/>
</testsuite> <!-- Default test -->
