<?xml version="1.0" encoding="UTF-8"?>
<testng-results ignored="0" total="3" passed="3" failed="0" skipped="0">
  <reporter-output>
  </reporter-output>
  <suite started-at="2023-05-26T17:18:14 IST" name="Default suite" finished-at="2023-05-26T17:18:18 IST" duration-ms="4657">
    <groups>
    </groups>
    <test started-at="2023-05-26T17:18:14 IST" name="Default test" finished-at="2023-05-26T17:18:18 IST" duration-ms="4657">
      <class name="com.extentreport.example.ExtentReportExample">
        <test-method is-config="true" signature="launchBrowser()[pri:0, instance:com.extentreport.example.ExtentReportExample@1b11171f]" started-at="2023-05-26T17:18:11 IST" name="launchBrowser" finished-at="2023-05-26T17:18:14 IST" duration-ms="3290" status="PASS">
          <reporter-output>
          </reporter-output>
        </test-method> <!-- launchBrowser -->
        <test-method signature="openGoogle()[pri:1, instance:com.extentreport.example.ExtentReportExample@1b11171f]" started-at="2023-05-26T17:18:14 IST" name="openGoogle" finished-at="2023-05-26T17:18:17 IST" duration-ms="2919" status="PASS">
          <reporter-output>
          </reporter-output>
        </test-method> <!-- openGoogle -->
        <test-method signature="openBing()[pri:2, instance:com.extentreport.example.ExtentReportExample@1b11171f]" started-at="2023-05-26T17:18:17 IST" name="openBing" finished-at="2023-05-26T17:18:18 IST" duration-ms="952" status="PASS">
          <reporter-output>
          </reporter-output>
        </test-method> <!-- openBing -->
        <test-method signature="openWikipedia()[pri:3, instance:com.extentreport.example.ExtentReportExample@1b11171f]" started-at="2023-05-26T17:18:18 IST" name="openWikipedia" finished-at="2023-05-26T17:18:18 IST" duration-ms="727" status="PASS">
          <reporter-output>
          </reporter-output>
        </test-method> <!-- openWikipedia -->
        <test-method is-config="true" signature="closerowser()[pri:0, instance:com.extentreport.example.ExtentReportExample@1b11171f]" started-at="2023-05-26T17:18:19 IST" name="closerowser" finished-at="2023-05-26T17:18:19 IST" duration-ms="789" status="PASS">
          <reporter-output>
          </reporter-output>
        </test-method> <!-- closerowser -->
      </class> <!-- com.extentreport.example.ExtentReportExample -->
    </test> <!-- Default test -->
  </suite> <!-- Default suite -->
</testng-results>
